<?xml version="1.0" encoding="UTF-8"?>
<testng-results ignored="0" total="1" passed="1" failed="0" skipped="0">
  <reporter-output>
  </reporter-output>
  <suite started-at="2024-03-12T12:56:32 IST" name="Suite" finished-at="2024-03-12T12:56:34 IST" duration-ms="1612">
    <groups>
    </groups>
    <test started-at="2024-03-12T12:56:32 IST" name="Test" finished-at="2024-03-12T12:56:34 IST" duration-ms="1612">
      <class name="com.Test.LoginTest">
        <test-method is-config="true" signature="setUP()[pri:0, instance:com.Test.LoginTest@4fce136b]" started-at="2024-03-12T12:56:20 IST" name="setUP" finished-at="2024-03-12T12:56:32 IST" duration-ms="12655" status="PASS">
          <reporter-output>
          </reporter-output>
        </test-method> <!-- setUP -->
        <test-method signature="loginWithValidUsernameAndValidPassword()[pri:0, instance:com.Test.LoginTest@4fce136b]" started-at="2024-03-12T12:56:33 IST" name="loginWithValidUsernameAndValidPassword" finished-at="2024-03-12T12:56:34 IST" duration-ms="1197" status="PASS">
          <reporter-output>
          </reporter-output>
        </test-method> <!-- loginWithValidUsernameAndValidPassword -->
        <test-method is-config="true" signature="tearDown()[pri:0, instance:com.Test.LoginTest@4fce136b]" started-at="2024-03-12T12:56:35 IST" name="tearDown" finished-at="2024-03-12T12:56:35 IST" duration-ms="350" status="PASS">
          <reporter-output>
          </reporter-output>
        </test-method> <!-- tearDown -->
      </class> <!-- com.Test.LoginTest -->
    </test> <!-- Test -->
  </suite> <!-- Suite -->
</testng-results>
